<?xml version="1.0" encoding="UTF-8"?>
<coverage generated="1773146273511" clover="3.2.0">
  <project timestamp="1773146273511" name="All files">
    <metrics statements="28" coveredstatements="25" conditionals="17" coveredconditionals="14" methods="6" coveredmethods="4" elements="51" coveredelements="43" complexity="0" loc="28" ncloc="28" packages="2" files="3" classes="3"/>
    <package name="app">
      <metrics statements="3" coveredstatements="0" conditionals="0" coveredconditionals="0" methods="2" coveredmethods="0"/>
      <file name="layout.tsx" path="C:\Users\Elavon dev\Desktop\React\app\layout.tsx">
        <metrics statements="2" coveredstatements="0" conditionals="0" coveredconditionals="0" methods="1" coveredmethods="0"/>
        <line num="3" count="0" type="stmt"/>
        <line num="9" count="0" type="stmt"/>
      </file>
      <file name="page.tsx" path="C:\Users\Elavon dev\Desktop\React\app\page.tsx">
        <metrics statements="1" coveredstatements="0" conditionals="0" coveredconditionals="0" methods="1" coveredmethods="0"/>
        <line num="4" count="0" type="stmt"/>
      </file>
    </package>
    <package name="components.WeatherApp">
      <metrics statements="25" coveredstatements="25" conditionals="17" coveredconditionals="14" methods="4" coveredmethods="4"/>
      <file name="index.tsx" path="C:\Users\Elavon dev\Desktop\React\components\WeatherApp\index.tsx">
        <metrics statements="25" coveredstatements="25" conditionals="17" coveredconditionals="14" methods="4" coveredmethods="4"/>
        <line num="28" count="117" type="stmt"/>
        <line num="30" count="117" type="stmt"/>
        <line num="32" count="117" type="stmt"/>
        <line num="34" count="117" type="stmt"/>
        <line num="37" count="117" type="stmt"/>
        <line num="39" count="13" type="cond" truecount="2" falsecount="0"/>
        <line num="40" count="1" type="stmt"/>
        <line num="41" count="1" type="stmt"/>
        <line num="45" count="12" type="stmt"/>
        <line num="46" count="12" type="stmt"/>
        <line num="47" count="12" type="stmt"/>
        <line num="49" count="12" type="stmt"/>
        <line num="51" count="12" type="stmt"/>
        <line num="63" count="7" type="stmt"/>
        <line num="65" count="7" type="stmt"/>
        <line num="76" count="4" type="cond" truecount="2" falsecount="0"/>
        <line num="77" count="2" type="stmt"/>
        <line num="78" count="2" type="cond" truecount="2" falsecount="0"/>
        <line num="79" count="1" type="stmt"/>
        <line num="81" count="1" type="stmt"/>
        <line num="85" count="11" type="stmt"/>
        <line num="90" count="117" type="stmt"/>
        <line num="91" count="80" type="cond" truecount="2" falsecount="0"/>
        <line num="95" count="117" type="stmt"/>
        <line num="110" count="79" type="stmt"/>
      </file>
    </package>
  </project>
</coverage>
