TN:
SF:app\layout.tsx
FN:8,RootLayout
FNF:1
FNH:0
FNDA:0,RootLayout
DA:3,0
DA:9,0
LF:2
LH:0
BRF:0
BRH:0
end_of_record
TN:
SF:app\page.tsx
FN:3,Home
FNF:1
FNH:0
FNDA:0,Home
DA:4,0
LF:1
LH:0
BRF:0
BRH:0
end_of_record
TN:
SF:components\WeatherApp\index.tsx
FN:26,WeatherApp
FN:37,(anonymous_1)
FN:90,(anonymous_2)
FN:110,(anonymous_3)
FNF:4
FNH:4
FNDA:117,WeatherApp
FNDA:13,(anonymous_1)
FNDA:80,(anonymous_2)
FNDA:79,(anonymous_3)
DA:28,117
DA:30,117
DA:32,117
DA:34,117
DA:37,117
DA:39,13
DA:40,1
DA:41,1
DA:45,12
DA:46,12
DA:47,12
DA:49,12
DA:51,12
DA:63,7
DA:65,7
DA:76,4
DA:77,2
DA:78,2
DA:79,1
DA:81,1
DA:85,11
DA:90,117
DA:91,80
DA:95,117
DA:110,79
LF:25
LH:25
BRDA:26,0,0,0
BRDA:26,1,0,0
BRDA:26,1,1,0
BRDA:39,2,0,1
BRDA:39,2,1,12
BRDA:76,3,0,2
BRDA:76,3,1,2
BRDA:78,4,0,1
BRDA:78,4,1,1
BRDA:91,5,0,1
BRDA:91,5,1,79
BRDA:126,6,0,12
BRDA:126,6,1,105
BRDA:131,7,0,117
BRDA:131,7,1,5
BRDA:139,8,0,117
BRDA:139,8,1,7
BRF:17
BRH:14
end_of_record
